<?xml version="1.0" encoding="UTF-8"?>
<!-- Generated by org.testng.reporters.JUnitXMLReporter -->
<testsuite hostname="DESKTOP-T8H87ST" ignored="0" name="FirefoxTest" tests="1" failures="1" timestamp="2022-05-18T12:00:46 IST" time="66.243" errors="0">
  <testcase name="actiLogin" time="12.606" classname="scripts.practise_Home">
    <failure type="org.openqa.selenium.ElementClickInterceptedException" message="Element &amp;lt;a class=&amp;quot;content users&amp;quot; href=&amp;quot;/administration/userlist.do&amp;quot;&amp;gt; is not clickable at point (875,35) because another element &amp;lt;div id=&amp;quot;preInsertedTransformedMoireId&amp;quot; class=&amp;quot;transformedMoireClass&amp;quot;&amp;gt; obscures it
Build info: version: &amp;apos;4.1.4&amp;apos;, revision: &amp;apos;535d840ee2&amp;apos;
System info: host: &amp;apos;DESKTOP-T8H87ST&amp;apos;, ip: &amp;apos;192.168.43.33&amp;apos;, os.name: &amp;apos;Windows 10&amp;apos;, os.arch: &amp;apos;amd64&amp;apos;, os.version: &amp;apos;10.0&amp;apos;, java.version: &amp;apos;1.8.0_162&amp;apos;
Driver info: org.openqa.selenium.firefox.FirefoxDriver
Command: [15d3ee98-b328-4038-9557-c2c56580ffd9, clickElement {id=653b197e-385a-4d67-b999-84932638ec42}]
Capabilities {acceptInsecureCerts: true, browserName: firefox, browserVersion: 99.0.1, javascriptEnabled: true, moz:accessibilityChecks: false, moz:buildID: 20220411174855, moz:debuggerAddress: localhost:62754, moz:geckodriverVersion: 0.31.0, moz:headless: false, moz:processID: 2468, moz:profile: C:\Users\HP\AppData\Local\T..., moz:shutdownTimeout: 60000, moz:useNonSpecCompliantPointerOrigin: false, moz:webdriverClick: true, pageLoadStrategy: normal, platform: WINDOWS, platformName: WINDOWS, platformVersion: 10.0, proxy: Proxy(), se:cdp: ws://localhost:62754/devtoo..., se:cdpVersion: 85.0, setWindowRect: true, strictFileInteractability: false, timeouts: {implicit: 0, pageLoad: 300000, script: 30000}, unhandledPromptBehavior: dismiss and notify}
Element: [[FirefoxDriver: firefox on WINDOWS (15d3ee98-b328-4038-9557-c2c56580ffd9)] -&amp;gt; xpath: //a[@class=&amp;apos;content users&amp;apos;]]
Session ID: 15d3ee98-b328-4038-9557-c2c56580ffd9">
      <![CDATA[org.openqa.selenium.ElementClickInterceptedException: Element <a class="content users" href="/administration/userlist.do"> is not clickable at point (875,35) because another element <div id="preInsertedTransformedMoireId" class="transformedMoireClass"> obscures it
Build info: version: '4.1.4', revision: '535d840ee2'
System info: host: 'DESKTOP-T8H87ST', ip: '192.168.43.33', os.name: 'Windows 10', os.arch: 'amd64', os.version: '10.0', java.version: '1.8.0_162'
Driver info: org.openqa.selenium.firefox.FirefoxDriver
Command: [15d3ee98-b328-4038-9557-c2c56580ffd9, clickElement {id=653b197e-385a-4d67-b999-84932638ec42}]
Capabilities {acceptInsecureCerts: true, browserName: firefox, browserVersion: 99.0.1, javascriptEnabled: true, moz:accessibilityChecks: false, moz:buildID: 20220411174855, moz:debuggerAddress: localhost:62754, moz:geckodriverVersion: 0.31.0, moz:headless: false, moz:processID: 2468, moz:profile: C:\Users\HP\AppData\Local\T..., moz:shutdownTimeout: 60000, moz:useNonSpecCompliantPointerOrigin: false, moz:webdriverClick: true, pageLoadStrategy: normal, platform: WINDOWS, platformName: WINDOWS, platformVersion: 10.0, proxy: Proxy(), se:cdp: ws://localhost:62754/devtoo..., se:cdpVersion: 85.0, setWindowRect: true, strictFileInteractability: false, timeouts: {implicit: 0, pageLoad: 300000, script: 30000}, unhandledPromptBehavior: dismiss and notify}
Element: [[FirefoxDriver: firefox on WINDOWS (15d3ee98-b328-4038-9557-c2c56580ffd9)] -> xpath: //a[@class='content users']]
Session ID: 15d3ee98-b328-4038-9557-c2c56580ffd9
at org.openqa.selenium.remote.codec.w3c.W3CHttpResponseCodec.createException(W3CHttpResponseCodec.java:200)
at org.openqa.selenium.remote.codec.w3c.W3CHttpResponseCodec.decode(W3CHttpResponseCodec.java:133)
at org.openqa.selenium.remote.codec.w3c.W3CHttpResponseCodec.decode(W3CHttpResponseCodec.java:53)
at org.openqa.selenium.remote.HttpCommandExecutor.execute(HttpCommandExecutor.java:184)
at org.openqa.selenium.remote.service.DriverCommandExecutor.invokeExecute(DriverCommandExecutor.java:167)
at org.openqa.selenium.remote.service.DriverCommandExecutor.execute(DriverCommandExecutor.java:142)
at org.openqa.selenium.remote.RemoteWebDriver.execute(RemoteWebDriver.java:567)
at org.openqa.selenium.remote.RemoteWebElement.execute(RemoteWebElement.java:251)
at org.openqa.selenium.remote.RemoteWebElement.click(RemoteWebElement.java:77)
at org.openqa.selenium.support.pagefactory.internal.LocatingElementHandler.invoke(LocatingElementHandler.java:52)
at com.sun.proxy.$Proxy17.click(Unknown Source)
at pages.practise_EnterTimeTrack.clickUser(practise_EnterTimeTrack.java:21)
at scripts.practise_Home.actiLogin(practise_Home.java:17)
at java.util.ArrayList.forEach(Unknown Source)
at java.util.concurrent.FutureTask.run(Unknown Source)
at java.util.concurrent.ThreadPoolExecutor.runWorker(Unknown Source)
at java.util.concurrent.ThreadPoolExecutor$Worker.run(Unknown Source)
at java.lang.Thread.run(Unknown Source)
... Removed 26 stack frames]]>
    </failure>
  </testcase> <!-- actiLogin -->
</testsuite> <!-- FirefoxTest -->
